app/build/outputs/logs/manifest-merger-debug-report.txt
-- Merging decision tree log ---
manifest
ADDED from AndroidManifest.xml:1:1
	package
		ADDED from AndroidManifest.xml:2:5
		INJECTED from AndroidManifest.xml:0:0
		INJECTED from AndroidManifest.xml:0:0
	android:versionName
		ADDED from AndroidManifest.xml:4:5
	android:versionCode
		ADDED from AndroidManifest.xml:3:5
		INJECTED from AndroidManifest.xml:0:0
		INJECTED from AndroidManifest.xml:0:0
	xmlns:android
		ADDED from AndroidManifest.xml:1:11
uses-sdk
ADDED from AndroidManifest.xml:6:5
MERGED from com.android.support:support-v4:21.0.3:15:5
	android:targetSdkVersion
		ADDED from AndroidManifest.xml:8:9
		INJECTED from AndroidManifest.xml:0:0
		INJECTED from AndroidManifest.xml:0:0
	android:minSdkVersion
		ADDED from AndroidManifest.xml:7:9
		INJECTED from AndroidManifest.xml:0:0
		INJECTED from AndroidManifest.xml:0:0
application
ADDED from AndroidManifest.xml:10:5
MERGED from com.android.support:support-v4:21.0.3:16:5
	android:label
		ADDED from AndroidManifest.xml:13:9
	android:allowBackup
		ADDED from AndroidManifest.xml:11:9
	android:icon
		ADDED from AndroidManifest.xml:12:9
	android:theme
		ADDED from AndroidManifest.xml:14:9
service#com.example.unipiazzakeyboard.UnipiazzaKeyboard
ADDED from AndroidManifest.xml:15:6
	android:label
		ADDED from AndroidManifest.xml:15:49
	android:permission
		ADDED from AndroidManifest.xml:15:84
	android:name
		ADDED from AndroidManifest.xml:15:15
meta-data#android.view.im
ADDED from AndroidManifest.xml:16:7
	android:resource
		ADDED from AndroidManifest.xml:16:49
	android:name
		ADDED from AndroidManifest.xml:16:18
intent-filter#android.view.InputMethod
ADDED from AndroidManifest.xml:17:7
action#android.view.InputMethod
ADDED from AndroidManifest.xml:18:11
	android:name
		ADDED from AndroidManifest.xml:18:19